{"/Users/eliastooloee/Development/gilded-rose/src/gilded_rose.js": {"path":"/Users/eliastooloee/Development/gilded-rose/src/gilded_rose.js","statementMap":{"0":{"start":{"line":8,"column":4},"end":{"line":8,"column":21}},"1":{"start":{"line":12,"column":4},"end":{"line":20,"column":7}},"2":{"start":{"line":13,"column":6},"end":{"line":19,"column":7}},"3":{"start":{"line":14,"column":43},"end":{"line":14,"column":70}},"4":{"start":{"line":15,"column":26},"end":{"line":15,"column":73}},"5":{"start":{"line":16,"column":58},"end":{"line":16,"column":110}},"6":{"start":{"line":17,"column":30},"end":{"line":17,"column":92}},"7":{"start":{"line":18,"column":17},"end":{"line":18,"column":77}},"8":{"start":{"line":24,"column":4},"end":{"line":24,"column":48}},"9":{"start":{"line":24,"column":33},"end":{"line":24,"column":46}},"10":{"start":{"line":25,"column":4},"end":{"line":25,"column":22}},"11":{"start":{"line":29,"column":0},"end":{"line":31,"column":2}}},"fnMap":{"0":{"name":"(anonymous_0)","decl":{"start":{"line":11,"column":2},"end":{"line":11,"column":3}},"loc":{"start":{"line":11,"column":26},"end":{"line":21,"column":3}},"line":11},"1":{"name":"(anonymous_1)","decl":{"start":{"line":12,"column":27},"end":{"line":12,"column":28}},"loc":{"start":{"line":12,"column":37},"end":{"line":20,"column":5}},"line":12},"2":{"name":"(anonymous_2)","decl":{"start":{"line":23,"column":2},"end":{"line":23,"column":3}},"loc":{"start":{"line":23,"column":18},"end":{"line":26,"column":3}},"line":23},"3":{"name":"(anonymous_3)","decl":{"start":{"line":24,"column":23},"end":{"line":24,"column":24}},"loc":{"start":{"line":24,"column":33},"end":{"line":24,"column":46}},"line":24}},"branchMap":{"0":{"loc":{"start":{"line":11,"column":14},"end":{"line":11,"column":24}},"type":"default-arg","locations":[{"start":{"line":11,"column":22},"end":{"line":11,"column":24}}],"line":11},"1":{"loc":{"start":{"line":13,"column":6},"end":{"line":19,"column":7}},"type":"switch","locations":[{"start":{"line":14,"column":8},"end":{"line":14,"column":70}},{"start":{"line":15,"column":8},"end":{"line":15,"column":73}},{"start":{"line":16,"column":8},"end":{"line":16,"column":110}},{"start":{"line":17,"column":8},"end":{"line":17,"column":92}},{"start":{"line":18,"column":8},"end":{"line":18,"column":77}}],"line":13}},"s":{"0":1,"1":12,"2":13,"3":1,"4":3,"5":3,"6":3,"7":3,"8":12,"9":13,"10":12,"11":1},"f":{"0":12,"1":13,"2":12,"3":13},"b":{"0":[0],"1":[1,3,3,3,3]},"_coverageSchema":"43e27e138ebf9cfc5966b082cf9a028302ed4184","hash":"bb4eb3c3c203e2e453e79f62606298507ebc714e"}
,"/Users/eliastooloee/Development/gilded-rose/src/item/aged-brie.js": {"path":"/Users/eliastooloee/Development/gilded-rose/src/item/aged-brie.js","statementMap":{"0":{"start":{"line":2,"column":13},"end":{"line":2,"column":30}},"1":{"start":{"line":6,"column":4},"end":{"line":6,"column":40}},"2":{"start":{"line":10,"column":4},"end":{"line":10,"column":21}},"3":{"start":{"line":11,"column":4},"end":{"line":11,"column":89}},"4":{"start":{"line":15,"column":0},"end":{"line":15,"column":26}}},"fnMap":{"0":{"name":"(anonymous_0)","decl":{"start":{"line":5,"column":2},"end":{"line":5,"column":3}},"loc":{"start":{"line":5,"column":31},"end":{"line":7,"column":3}},"line":5},"1":{"name":"(anonymous_1)","decl":{"start":{"line":9,"column":2},"end":{"line":9,"column":3}},"loc":{"start":{"line":9,"column":11},"end":{"line":12,"column":3}},"line":9}},"branchMap":{"0":{"loc":{"start":{"line":11,"column":33},"end":{"line":11,"column":86}},"type":"cond-expr","locations":[{"start":{"line":11,"column":51},"end":{"line":11,"column":67}},{"start":{"line":11,"column":70},"end":{"line":11,"column":86}}],"line":11}},"s":{"0":1,"1":3,"2":3,"3":3,"4":1},"f":{"0":3,"1":3},"b":{"0":[2,1]},"_coverageSchema":"43e27e138ebf9cfc5966b082cf9a028302ed4184","hash":"75184cd60412f8c9f0b2ce6886031845979bf885"}
,"/Users/eliastooloee/Development/gilded-rose/src/item/backstage-pass.js": {"path":"/Users/eliastooloee/Development/gilded-rose/src/item/backstage-pass.js","statementMap":{"0":{"start":{"line":2,"column":13},"end":{"line":2,"column":30}},"1":{"start":{"line":6,"column":4},"end":{"line":6,"column":72}},"2":{"start":{"line":10,"column":4},"end":{"line":10,"column":34}},"3":{"start":{"line":10,"column":25},"end":{"line":10,"column":34}},"4":{"start":{"line":11,"column":4},"end":{"line":11,"column":50}},"5":{"start":{"line":11,"column":26},"end":{"line":11,"column":50}},"6":{"start":{"line":12,"column":4},"end":{"line":12,"column":51}},"7":{"start":{"line":12,"column":27},"end":{"line":12,"column":51}},"8":{"start":{"line":13,"column":4},"end":{"line":13,"column":28}},"9":{"start":{"line":17,"column":4},"end":{"line":17,"column":21}},"10":{"start":{"line":18,"column":4},"end":{"line":18,"column":51}},"11":{"start":{"line":22,"column":0},"end":{"line":22,"column":31}}},"fnMap":{"0":{"name":"(anonymous_0)","decl":{"start":{"line":5,"column":2},"end":{"line":5,"column":3}},"loc":{"start":{"line":5,"column":31},"end":{"line":7,"column":3}},"line":5},"1":{"name":"(anonymous_1)","decl":{"start":{"line":9,"column":2},"end":{"line":9,"column":3}},"loc":{"start":{"line":9,"column":15},"end":{"line":14,"column":3}},"line":9},"2":{"name":"(anonymous_2)","decl":{"start":{"line":16,"column":2},"end":{"line":16,"column":3}},"loc":{"start":{"line":16,"column":11},"end":{"line":19,"column":3}},"line":16}},"branchMap":{"0":{"loc":{"start":{"line":10,"column":4},"end":{"line":10,"column":34}},"type":"if","locations":[{"start":{"line":10,"column":4},"end":{"line":10,"column":34}},{"start":{"line":10,"column":4},"end":{"line":10,"column":34}}],"line":10},"1":{"loc":{"start":{"line":11,"column":4},"end":{"line":11,"column":50}},"type":"if","locations":[{"start":{"line":11,"column":4},"end":{"line":11,"column":50}},{"start":{"line":11,"column":4},"end":{"line":11,"column":50}}],"line":11},"2":{"loc":{"start":{"line":12,"column":4},"end":{"line":12,"column":51}},"type":"if","locations":[{"start":{"line":12,"column":4},"end":{"line":12,"column":51}},{"start":{"line":12,"column":4},"end":{"line":12,"column":51}}],"line":12}},"s":{"0":1,"1":3,"2":3,"3":0,"4":3,"5":1,"6":2,"7":1,"8":1,"9":3,"10":3,"11":1},"f":{"0":3,"1":3,"2":3},"b":{"0":[0,3],"1":[1,2],"2":[1,1]},"_coverageSchema":"43e27e138ebf9cfc5966b082cf9a028302ed4184","hash":"2c40c0a17ce746bd960a35ad509f2d7ffd40d78a"}
,"/Users/eliastooloee/Development/gilded-rose/src/item/conjured-item.js": {"path":"/Users/eliastooloee/Development/gilded-rose/src/item/conjured-item.js","statementMap":{"0":{"start":{"line":2,"column":13},"end":{"line":2,"column":30}},"1":{"start":{"line":6,"column":4},"end":{"line":6,"column":21}},"2":{"start":{"line":7,"column":4},"end":{"line":7,"column":86}},"3":{"start":{"line":11,"column":0},"end":{"line":11,"column":30}}},"fnMap":{"0":{"name":"(anonymous_0)","decl":{"start":{"line":5,"column":2},"end":{"line":5,"column":3}},"loc":{"start":{"line":5,"column":11},"end":{"line":8,"column":3}},"line":5}},"branchMap":{"0":{"loc":{"start":{"line":7,"column":31},"end":{"line":7,"column":84}},"type":"cond-expr","locations":[{"start":{"line":7,"column":49},"end":{"line":7,"column":65}},{"start":{"line":7,"column":68},"end":{"line":7,"column":84}}],"line":7}},"s":{"0":1,"1":3,"2":3,"3":1},"f":{"0":3},"b":{"0":[2,1]},"_coverageSchema":"43e27e138ebf9cfc5966b082cf9a028302ed4184","hash":"57e294455aac702a6d37d47255321ae73bf256c1"}
,"/Users/eliastooloee/Development/gilded-rose/src/item/index.js": {"path":"/Users/eliastooloee/Development/gilded-rose/src/item/index.js","statementMap":{"0":{"start":{"line":2,"column":13},"end":{"line":2,"column":30}},"1":{"start":{"line":3,"column":17},"end":{"line":3,"column":39}},"2":{"start":{"line":4,"column":22},"end":{"line":4,"column":49}},"3":{"start":{"line":5,"column":22},"end":{"line":5,"column":49}},"4":{"start":{"line":6,"column":19},"end":{"line":6,"column":43}},"5":{"start":{"line":7,"column":21},"end":{"line":7,"column":47}},"6":{"start":{"line":9,"column":0},"end":{"line":16,"column":2}}},"fnMap":{},"branchMap":{},"s":{"0":1,"1":1,"2":1,"3":1,"4":1,"5":1,"6":1},"f":{},"b":{},"_coverageSchema":"43e27e138ebf9cfc5966b082cf9a028302ed4184","hash":"8db7cc5ebb3cab6d462d068023b64e1d225b10f7"}
,"/Users/eliastooloee/Development/gilded-rose/src/item/item.js": {"path":"/Users/eliastooloee/Development/gilded-rose/src/item/item.js","statementMap":{"0":{"start":{"line":4,"column":6},"end":{"line":4,"column":23}},"1":{"start":{"line":5,"column":6},"end":{"line":5,"column":27}},"2":{"start":{"line":6,"column":6},"end":{"line":6,"column":29}},"3":{"start":{"line":10,"column":2},"end":{"line":10,"column":24}}},"fnMap":{"0":{"name":"(anonymous_0)","decl":{"start":{"line":3,"column":4},"end":{"line":3,"column":5}},"loc":{"start":{"line":3,"column":39},"end":{"line":7,"column":5}},"line":3}},"branchMap":{},"s":{"0":26,"1":26,"2":26,"3":1},"f":{"0":26},"b":{},"_coverageSchema":"43e27e138ebf9cfc5966b082cf9a028302ed4184","hash":"35e715c48307a999479d9e6bbaec30dcaa3400d4"}
,"/Users/eliastooloee/Development/gilded-rose/src/item/legendary-item.js": {"path":"/Users/eliastooloee/Development/gilded-rose/src/item/legendary-item.js","statementMap":{"0":{"start":{"line":2,"column":13},"end":{"line":2,"column":30}},"1":{"start":{"line":6,"column":4},"end":{"line":6,"column":23}},"2":{"start":{"line":10,"column":4},"end":{"line":10,"column":21}},"3":{"start":{"line":14,"column":0},"end":{"line":14,"column":31}}},"fnMap":{"0":{"name":"(anonymous_0)","decl":{"start":{"line":5,"column":2},"end":{"line":5,"column":3}},"loc":{"start":{"line":5,"column":51},"end":{"line":7,"column":3}},"line":5},"1":{"name":"(anonymous_1)","decl":{"start":{"line":9,"column":2},"end":{"line":9,"column":3}},"loc":{"start":{"line":9,"column":11},"end":{"line":11,"column":3}},"line":9}},"branchMap":{"0":{"loc":{"start":{"line":5,"column":14},"end":{"line":5,"column":49}},"type":"default-arg","locations":[{"start":{"line":5,"column":21},"end":{"line":5,"column":49}}],"line":5}},"s":{"0":1,"1":1,"2":1,"3":1},"f":{"0":1,"1":1},"b":{"0":[1]},"_coverageSchema":"43e27e138ebf9cfc5966b082cf9a028302ed4184","hash":"d5e78bca3188f7fa480650bc0a2b6630ab53ab48"}
,"/Users/eliastooloee/Development/gilded-rose/src/item/random-item.js": {"path":"/Users/eliastooloee/Development/gilded-rose/src/item/random-item.js","statementMap":{"0":{"start":{"line":2,"column":13},"end":{"line":2,"column":30}},"1":{"start":{"line":6,"column":4},"end":{"line":6,"column":21}},"2":{"start":{"line":7,"column":4},"end":{"line":7,"column":88}},"3":{"start":{"line":11,"column":0},"end":{"line":11,"column":28}}},"fnMap":{"0":{"name":"(anonymous_0)","decl":{"start":{"line":5,"column":2},"end":{"line":5,"column":3}},"loc":{"start":{"line":5,"column":11},"end":{"line":8,"column":3}},"line":5}},"branchMap":{"0":{"loc":{"start":{"line":7,"column":29},"end":{"line":7,"column":82}},"type":"cond-expr","locations":[{"start":{"line":7,"column":47},"end":{"line":7,"column":63}},{"start":{"line":7,"column":66},"end":{"line":7,"column":82}}],"line":7}},"s":{"0":1,"1":3,"2":3,"3":1},"f":{"0":3},"b":{"0":[1,2]},"_coverageSchema":"43e27e138ebf9cfc5966b082cf9a028302ed4184","hash":"7f241f2971722af7bc0d2db8f7c5077cddaba197"}
}
