TN:
SF:/Users/eliastooloee/Development/gilded-rose/src/gilded_rose.js
FN:11,(anonymous_0)
FN:12,(anonymous_1)
FN:23,(anonymous_2)
FN:24,(anonymous_3)
FNF:4
FNH:4
FNDA:12,(anonymous_0)
FNDA:13,(anonymous_1)
FNDA:12,(anonymous_2)
FNDA:13,(anonymous_3)
DA:8,1
DA:12,12
DA:13,13
DA:14,1
DA:15,3
DA:16,3
DA:17,3
DA:18,3
DA:24,13
DA:25,12
DA:29,1
LF:11
LH:11
BRDA:11,0,0,0
BRDA:13,1,0,1
BRDA:13,1,1,3
BRDA:13,1,2,3
BRDA:13,1,3,3
BRDA:13,1,4,3
BRF:6
BRH:5
end_of_record
TN:
SF:/Users/eliastooloee/Development/gilded-rose/src/item/aged-brie.js
FN:5,(anonymous_0)
FN:9,(anonymous_1)
FNF:2
FNH:2
FNDA:3,(anonymous_0)
FNDA:3,(anonymous_1)
DA:2,1
DA:6,3
DA:10,3
DA:11,3
DA:15,1
LF:5
LH:5
BRDA:11,0,0,2
BRDA:11,0,1,1
BRF:2
BRH:2
end_of_record
TN:
SF:/Users/eliastooloee/Development/gilded-rose/src/item/backstage-pass.js
FN:5,(anonymous_0)
FN:9,(anonymous_1)
FN:16,(anonymous_2)
FNF:3
FNH:3
FNDA:3,(anonymous_0)
FNDA:3,(anonymous_1)
FNDA:3,(anonymous_2)
DA:2,1
DA:6,3
DA:10,3
DA:11,3
DA:12,2
DA:13,1
DA:17,3
DA:18,3
DA:22,1
LF:9
LH:9
BRDA:10,0,0,0
BRDA:10,0,1,3
BRDA:11,1,0,1
BRDA:11,1,1,2
BRDA:12,2,0,1
BRDA:12,2,1,1
BRF:6
BRH:5
end_of_record
TN:
SF:/Users/eliastooloee/Development/gilded-rose/src/item/conjured-item.js
FN:5,(anonymous_0)
FNF:1
FNH:1
FNDA:3,(anonymous_0)
DA:2,1
DA:6,3
DA:7,3
DA:11,1
LF:4
LH:4
BRDA:7,0,0,2
BRDA:7,0,1,1
BRF:2
BRH:2
end_of_record
TN:
SF:/Users/eliastooloee/Development/gilded-rose/src/item/index.js
FNF:0
FNH:0
DA:2,1
DA:3,1
DA:4,1
DA:5,1
DA:6,1
DA:7,1
DA:9,1
LF:7
LH:7
BRF:0
BRH:0
end_of_record
TN:
SF:/Users/eliastooloee/Development/gilded-rose/src/item/item.js
FN:3,(anonymous_0)
FNF:1
FNH:1
FNDA:26,(anonymous_0)
DA:4,26
DA:5,26
DA:6,26
DA:10,1
LF:4
LH:4
BRF:0
BRH:0
end_of_record
TN:
SF:/Users/eliastooloee/Development/gilded-rose/src/item/legendary-item.js
FN:5,(anonymous_0)
FN:9,(anonymous_1)
FNF:2
FNH:2
FNDA:1,(anonymous_0)
FNDA:1,(anonymous_1)
DA:2,1
DA:6,1
DA:10,1
DA:14,1
LF:4
LH:4
BRDA:5,0,0,1
BRF:1
BRH:1
end_of_record
TN:
SF:/Users/eliastooloee/Development/gilded-rose/src/item/random-item.js
FN:5,(anonymous_0)
FNF:1
FNH:1
FNDA:3,(anonymous_0)
DA:2,1
DA:6,3
DA:7,3
DA:11,1
LF:4
LH:4
BRDA:7,0,0,1
BRDA:7,0,1,2
BRF:2
BRH:2
end_of_record
